2021-06-19 15:09:05 -- Script Application command line utility version: 8.5

2021-06-19 15:09:05 -- Script Application command line utility build number: 20190928-2258

2021-06-19 15:09:05 -- Home folder: C:\Users\xhollingsworth\Documents\new-ohio\sp_cmdln

2021-06-19 15:09:05 -- Java environment: 

	java.home = C:\Program Files\Java\jre1.8.0_291
	java.vendor = Oracle Corporation
	java.version = 1.8.0_291

2021-06-19 15:09:05 -- Effective configuration properties: 

	contentRoot = ./OhioOWT
	excludes = [^bin$, ^lib$, ^src$, ^node_modules$, ^\.classpath$, ^\.project$, ^\..*ignore$, ^sp-config.json$, ^sp-cmdln.log$, ^sp.bat$, ^sp.sh$]
	laxSSL = true
	mainHtmlFile = build/index.html
	scriptPortletServer = https://internal-prdauth-elb-1304937352.us-east-2.elb.amazonaws.com
	virtualPortalContext = gov
	wcmContentID = 1a2af1b4-8eca-43e6-b8fd-ba0d81d6e3d1
	wcmSiteArea = Script Portlet Library/Script Portlet Applications/

2021-06-19 15:09:05 -- Begin content push to Portal.

2021-06-19 15:09:15 -- Accept-Language: en-US,en

2021-06-19 15:09:15 -- Push URL: POST https://internal-prdauth-elb-1304937352.us-east-2.elb.amazonaws.com/wps/mycontenthandler/gov?uri=scriptportlet%3A1a2af1b4-8eca-43e6-b8fd-ba0d81d6e3d1 HTTP/1.1

2021-06-19 15:09:15 -- Virtual Portal Context: gov

2021-06-19 15:09:15 -- Project Context: null

2021-06-19 15:09:15 -- WCM content ID: 1a2af1b4-8eca-43e6-b8fd-ba0d81d6e3d1

2021-06-19 15:09:15 -- WCM Content Path: null

2021-06-19 15:09:15 -- WCM Content Title: null

2021-06-19 15:09:15 -- Main HTML file: build/index.html

2021-06-19 15:09:18 -- Archive file: 

	C:\Users\xhollingsworth\AppData\Local\Temp\sp-content-504724442388332092.zip
	(11,318,222 bytes in 396 files) 

	.git/COMMIT_EDITMSG
	.git/config
	.git/description
	.git/FETCH_HEAD
	.git/HEAD
	.git/hooks/applypatch-msg.sample
	.git/hooks/commit-msg.sample
	.git/hooks/fsmonitor-watchman.sample
	.git/hooks/post-update.sample
	.git/hooks/pre-applypatch.sample
	.git/hooks/pre-commit.sample
	.git/hooks/pre-merge-commit.sample
	.git/hooks/pre-push.sample
	.git/hooks/pre-rebase.sample
	.git/hooks/pre-receive.sample
	.git/hooks/prepare-commit-msg.sample
	.git/hooks/push-to-checkout.sample
	.git/hooks/update.sample
	.git/index
	.git/info/exclude
	.git/logs/HEAD
	.git/logs/refs/heads/fonts
	.git/logs/refs/heads/master
	.git/logs/refs/heads/styling
	.git/logs/refs/heads/uiFixes
	.git/logs/refs/remotes/origin/bugFixes
	.git/logs/refs/remotes/origin/dataFixes
	.git/logs/refs/remotes/origin/emailFix
	.git/logs/refs/remotes/origin/fonts
	.git/logs/refs/remotes/origin/HEAD
	.git/logs/refs/remotes/origin/master
	.git/logs/refs/remotes/origin/moreFixes
	.git/logs/refs/remotes/origin/uiFixes
	.git/logs/refs/stash
	.git/objects/00/e98110dfb60487ab8a4368c035bfac54ef8f8f
	.git/objects/02/61c005de8e6e8c939180370e93dce3093d8d98
	.git/objects/02/a30c6d3d265cfdae433cfff3b5baaab8351d5a
	.git/objects/03/283d4e74493a66d0fddb966286c0f2136e22d3
	.git/objects/03/4dae79d5a0d19f01a1734be5908c2de210f985
	.git/objects/03/e5ab3641451acdeac8d8b71596b1424db6859e
	.git/objects/04/ac8d5ca2d2297c4a0f122d4da2d852c39c4004
	.git/objects/04/b3145592630f71955e3a7bae7265c5770601e6
	.git/objects/06/352a1303f10ef395e4fd4950ef7667b756ad77
	.git/objects/0b/2beed08809ee2d2dcc41ba7f0a46d6ee255f46
	.git/objects/0b/641ef3ca4897a60fc14e8757d0c7e88550818e
	.git/objects/0c/797b12b34c85f02ad191e478502fa4c80ac547
	.git/objects/0c/873fa4ec136bd20512c3c5d244b5932e26cfc3
	.git/objects/0c/e0a631b8258693970fbd5b58656e8e51d83f12
	.git/objects/0e/2163029cf21dfd5e44300d4d6193230d7ff9ac
	.git/objects/0e/3b236a0d9c85dbceda5d7ba3d59fc4f6b337f5
	.git/objects/0f/16f56feaaf8c21b584a793be60efb679859d94
	.git/objects/0f/d9b327bb2222381085821023284d2cb4ae6e5d
	.git/objects/10/38e5ec231b15c226b4481a48f5130bdc24566a
	.git/objects/10/8382646b20c4e32d409e3822c178ed8d89354f
	.git/objects/12/cbcd2e809cc990c2d80baba6dc7496fd74e09d
	.git/objects/14/37234d0ba5277e174325d45f5f1191f82064a1
	.git/objects/15/dec799e5f63178f586d5e18fc194aaf770fff2
	.git/objects/16/11cc681ddfddfc6fc4ef9b5adc1de9a5be0fbd
	.git/objects/16/a85e5dbccb037272fcc3ee767c89a249eb98e6
	.git/objects/17/284d9a95c999546bf0aa38b1538ec1a6fa749c
	.git/objects/17/3094d13e0f3137595512922d43621baa2ef71b
	.git/objects/19/200fd001ef45f4e9e4c2551b8f4f64c4eb32d3
	.git/objects/19/30bd16732c19d589b23d74002162a627b6fecc
	.git/objects/1a/1c8cb70b365e020a2632ff19d62043eeb1a58f
	.git/objects/1a/fa8af7b0dcbefbccbe58fb17c2eecfb22786a7
	.git/objects/1c/5acc6cf508bbf5acb1a025967b00c8d4662990
	.git/objects/1c/8b462a3ad298cabc02f1e46d8abf39c957e8e3
	.git/objects/1c/ba610c15bd31b9562210a670bf89fdf4ee4740
	.git/objects/1d/11d3078ada9f7a2292af27ab088752dcf206c1
	.git/objects/1d/1fa2a7ad1aa46121f1a4011059c0b2b2eeef4d
	.git/objects/1f/228ed5d9db8972b64bf54dcdf9ed9a9f85bcf5
	.git/objects/1f/2f141fafdeb1d31d85b008ec5132840c5e6362
	.git/objects/1f/571e17dcd0a69a6c16f660c2ac10c51a626087
	.git/objects/1f/cb723e8e856486b37f5a4c171b4aa6fbbc0fe6
	.git/objects/1f/dea6eb8560ba8fb7068f7bdcb10614b64bd7bd
	.git/objects/20/7e4e476d1320065f689e2a749cd3572c819815
	.git/objects/21/15c9f028ffc828b5b80158e4cb4643ca82e287
	.git/objects/22/60339fa19fc69b7e8c0317672adba127629f12
	.git/objects/22/ff399428517c9588aced49ecf91bd92040b7ef
	.git/objects/24/25e85c7e14b281dd2b779f0f6974ea61a9753a
	.git/objects/24/44f0926499f40f9fbf0a87216737602005a40f
	.git/objects/24/dce699340eb847b7fa612a3b9c9631a612acc3
	.git/objects/25/9228a7d87b49f59f05136681eac0665f424af5
	.git/objects/25/e60bc365f6cbb6d03c6937a65aaf3aaaa9508b
	.git/objects/26/558a28a013b612e9b3eabda4cef913cd984d0a
	.git/objects/26/c8f52f142d0cb7a128d4c3b00c91f51c146dc3
	.git/objects/26/d0063700f1c1eb6eea4850829b4dec1b1bc873
	.git/objects/27/343795b2723f3c236673ca000f9bc03c000a98
	.git/objects/27/d1898735ae07308d62838423de8770a46ae558
	.git/objects/27/dc088680b12d670ac3a14c67949261e26f7ec5
	.git/objects/29/1d5c645acc5c641cb76235f300613ade23f7a5
	.git/objects/29/a5f6989459f05c83783d1cf4fb20c794f47f14
	.git/objects/2a/1f42944c81ef9a04d7be526cf2be532d6fc243
	.git/objects/2a/2e0705fdddd3d51f78a488d43a2e1dc3b84824
	.git/objects/2a/8858c7d13a509b51f680efda1288b2acf57a74
	.git/objects/2b/1330dcb9165c5e9e715e8e505db2be651b24cd
	.git/objects/2c/1efd7d7bea09ccb01c5142debac9484657c59a
	.git/objects/2d/8fa129270b6e83d50228a90729a5e522389b3a
	.git/objects/2f/759e000be4670ab35d07ec359f3324525d6ba5
	.git/objects/2f/8ccc350eac17c703e5bda1cf194e13b0b7167a
	.git/objects/2f/b11f1768ff43c4518dbf77323e35274957daa1
	.git/objects/30/b55d0e5b03f419e24666baa0e71c91ac6d9fe5
	.git/objects/30/e92effc394b2ad49ef2883759a05c48b72f6da
	.git/objects/31/ad5e6dc11986d26b0f2635adef5d0e43dd717c
	.git/objects/31/f3dccd724d9ced1f79a8f90db469cff0c7840b
	.git/objects/32/10cdd4424054f857f567e09ebea9bbfa0ebfb8
	.git/objects/33/40bef2a6e4ed2292263405ca879fef5439e0d7
	.git/objects/33/7f6db690cb3e391047fd95aa0f2cc75513ff73
	.git/objects/33/bb531760c8e673862403bac4267755c0f0c123
	.git/objects/34/c451355976804eb94ebf5abe351f43b9eb17ec
	.git/objects/36/dc13cfd9367c4fee5d775d135361eb837706aa
	.git/objects/37/fe6b01f7b8d9b0cd0b03d31affe35d52f32e5f
	.git/objects/39/49fd0759709413bf956b4c247b5cb56ea8a743
	.git/objects/39/69ce15fb0e497e6b45e384ef8f222c10e2d7da
	.git/objects/39/818d76e8cfd5f69b49bf05a1b281e933e3c329
	.git/objects/3b/380e452574b82469deb1526e07ee3bd7de58f6
	.git/objects/3b/3e3d7631ef1f687fa2912e906b44aa9cf7984b
	.git/objects/3c/c614829d0eca716adb6a6796d161701e1df41e
	.git/objects/3d/4b337ab777ccf2de61ee5696fc8d97057699ad
	.git/objects/3e/42afdf603d2102ca52a9b752d8d2078c314f40
	.git/objects/3f/01da5a91183f7e9b657fa509dc3e885deb95a5
	.git/objects/40/1eb263ab6d07a0959e6181ad53dd896901f2ae
	.git/objects/40/3d6d29fd4d9fc993f5cbf6b37632d09ed0e85a
	.git/objects/41/ca4c6fa1dcb51e7f4e20316f38aa5038f6c148
	.git/objects/42/0621f89ebb715f0f498c9c7a3b58570b5b702e
	.git/objects/43/6b5918a485b09bea442efb369211cdca73949a
	.git/objects/43/7b6357033d1d379a5a3a330598e3fb686425dc
	.git/objects/44/596db3ec3c6062fcb61f50879c10c980cae8ef
	.git/objects/44/f473ca726a033608e9268fb4d9d881dd8a9375
	.git/objects/45/3c46ab94aa5ef76a172419a91cb3319e0ec706
	.git/objects/46/10239cf9c7c1ee1f81c27061415d0b3f020d8d
	.git/objects/46/405ae2135144e618e7f93e809f7cb252be3a7a
	.git/objects/46/45c08f3cd67096910e391acf2265e5bf8eb29a
	.git/objects/46/bf537a8680902cae768b2de6c9fc9bb8d1967b
	.git/objects/47/6c3042d58c3821d8b1bb08dd984dca71669a2c
	.git/objects/48/4bb2a858f3dd766db656587618712dd5927d91
	.git/objects/49/0349859faca14907d4d92fbb5577807c804288
	.git/objects/4a/0ad9b7314e28a3973212a62aae393bbc16a8c6
	.git/objects/4c/5c5941cf5b3dc253de540ba4ece05b28422001
	.git/objects/4c/5d2f909cbadd23cbefda8e2f4a335e8a7c80f0
	.git/objects/4d/c52b9fe12ac874f5ba5b89cf6b1ee26503ebd4
	.git/objects/4e/bb1b5e2eb6f52c28f99baf7e23c125149f6c24
	.git/objects/51/f34e92731fe249701312894259f5b5327eef69
	.git/objects/53/e80621bc76fd1ae26d97bc4ab0bee86ebd2af4
	.git/objects/55/6698ff20dc43c3e9e6bce929f6230462360828
	.git/objects/59/c91a4f3bff51cbccf00269a75eaff23f68e8e3
	.git/objects/5a/dcf0f9ecfbb2e743a7ddc3e3ad3a3be0d35672
	.git/objects/5b/6a5afe9d7bb2f73151fa424bbd6385c961c9a2
	.git/objects/5d/83729c355f0aa1fecc3d33bf2e029b93ce299b
	.git/objects/5e/3e9b5bcd23a8790ffe46bcb9bd30fb7dc8a15b
	.git/objects/5e/f7d1b5b30ff6fb4fd361b11910c41fb269e4b5
	.git/objects/5f/f47f7636645fa41ae28938940c9e0a13be01d7
	.git/objects/60/a96c5412415cb8fe2fdc0df037c8f6f324cb9d
	.git/objects/60/d9387e97768580d7f035723411255f58f7322c
	.git/objects/62/0986adf38e25a0cabd9459da2e73cd64c6913b
	.git/objects/62/79f4bdce90177dcfbf846ee74fdb6fdb2c3d0f
	.git/objects/62/846d074ffad587238b9ff0671a2cd7b734a5eb
	.git/objects/62/8f6df53766f3d104d34bc41b20d511330a627f
	.git/objects/62/ae5b1657c7541e9687c506e9bc6c291e9bf667
	.git/objects/62/e43a2cf3b66c1fda517915e8f28ab1a3bda220
	.git/objects/64/e9741d67ac56bf7e2b3d72ac3d59872851759e
	.git/objects/65/74217334e9e3df1f96fcbef3df67ff480eb082
	.git/objects/65/7fba26ecdc94ec85d16ba2ed78c6ab794c6b84
	.git/objects/66/45c26e4c03614db5623be61dc0f5504da9b70b
	.git/objects/66/abd6b683d1ac76ab1ddc4e4fc5966b93003c2a
	.git/objects/66/d178f87643276ffa402381879bf9d626c65372
	.git/objects/68/caad770743c6e77e1a476a33e30f669c54bc0c
	.git/objects/69/edbb3a87c598533294f481c765d6d4a87228c8
	.git/objects/6b/0045bd12b56c3d7b52edac0796c0f4a0d13111
	.git/objects/6b/3050eb61ca88f032ad2c4833ecef6346ca9ae7
	.git/objects/6b/4ce260799c9d66dca43624c1cfffd76e96ca26
	.git/objects/6b/6b8379f9847259f260016721d23ed169c84605
	.git/objects/6b/c7a9fc4f28d1fe15c56d43abdc4111827aac7a
	.git/objects/6c/c589bfc2e8bd66ccb9769a11eaa5436cda0d1a
	.git/objects/6d/b4f374f8e92ec4164b37102a79287a418ce3bb
	.git/objects/6e/ac41c2f4b1b6609ff6cc30d71341a9055d27d0
	.git/objects/70/18f5b0e519d5a496d39d10988e96785923ec83
	.git/objects/71/2a45bdd6c7ad603474a0a9cccdbecb64d75695
	.git/objects/71/f2a2ac614bc5c06c0aaae0fe657ab460ff83a2
	.git/objects/73/0d6f124b2197b0d3d24926d4e489033387befb
	.git/objects/73/5b721d480e2e151334a215db7c913cc1efc8b4
	.git/objects/76/3d3985b8c6fd1d946463687629412f10003426
	.git/objects/76/5293cd975fc08084ceb8e760edaeb4488c5414
	.git/objects/79/dd3114fe0b6dc43f579c9f45713622a2ee3016
	.git/objects/7a/9c2b68b0d14a687b21500c61ff1e09eb3f1b75
	.git/objects/7d/389db74d4b931029049d7a239257fe6d785b37
	.git/objects/7e/b78d636c6cb9d6d1b6f0013003be6ea12847f5
	.git/objects/7f/6e4e9b31c06c3a6b0121e13ab50c7454d9edfb
	.git/objects/80/3a902d14fc4ea3de58089b5538d005dcaec220
	.git/objects/80/837d890255c64fe0a54ea34dd0cad2bccdbd90
	.git/objects/80/8470abc9fdc8d51cdf25edf12c89c3d93058ee
	.git/objects/80/fdb99c7cee19b9f276a91441a79d8b2d5cac35
	.git/objects/82/0738ef3b263616749df1d60b392c79b684e234
	.git/objects/82/77cc607f604079dc7cbc924e2f6d5e55cf4580
	.git/objects/82/e223c5b0d85f472f8aae76d3b47c2fbf01bc7a
	.git/objects/83/22b5dc21ba857c9c88143466c784bd564f7aff
	.git/objects/83/26ce464f1a28bce864bebaddb8618bdd7c7b68
	.git/objects/83/41986de950a68934641f55baf2456f857d9930
	.git/objects/85/8f9a0418d84dfee118be83a93f9b3ee42d8089
	.git/objects/85/987f24a98e90f103267c9139106ce65b17db05
	.git/objects/86/bbfa0eff26e14bba02c0aeae2c2451ca4e8793
	.git/objects/86/ccf109cfb8d0691d1f6d78a53f8dd661968e40
	.git/objects/88/70a64cfb6178116371c68e0df7b15970aa0b9b
	.git/objects/8a/47db2660be45bbb83f7ba7776b83ec99805537
	.git/objects/8a/5c33ca975c26bd0231206caddd6368540eee0c
	.git/objects/8b/6b7d4b4cbcd1810c1f6c3e44f26a7469329386
	.git/objects/8d/b1f3789b0f1f8991e50e5c451877a843009cbf
	.git/objects/8e/f760d09b2d5999d849eec20ee1ccedc762a6a0
	.git/objects/8f/0a31701ad182be16381dd2b60b93cc2cb98198
	.git/objects/90/2e2c636fe07f64917efc528df886b5163bff50
	.git/objects/92/0a006def26475a32cc5ba0c22f41ec2907d9f9
	.git/objects/92/5394fc1c076f408caa9d77be6558d8867f5012
	.git/objects/92/7bf5b75af075f9884f14a6b28d5e537770d1eb
	.git/objects/92/d7b5cdb730a21274ccaabce4a448bf6b2df9d5
	.git/objects/93/8ddc8b3c8c3298de31aa3112b443b331d53b2e
	.git/objects/93/ba9ccebfb93b18916d21a996eca86bfd3139df
	.git/objects/93/d67785fa6861d3c06929ee7914343792da4ab2
	.git/objects/94/32b1e506a269f797fc9b2b24a3b0531db687a4
	.git/objects/97/f5d7009db2524ea0c31b1834a6b908c0f91f63
	.git/objects/9a/608dd563831e61c009f342e77625ad8fead1cd
	.git/objects/9c/37a085ce087cd50f6bea806e367fda2599c081
	.git/objects/9c/926c8670868c6a5a1745263a0ef52401d7b6dc
	.git/objects/9c/9be514b6d8e44effe4a734a5ed08c1490074c6
	.git/objects/9c/f95ce1a6360630ac737e3f0fccee0176e75831
	.git/objects/9d/82a5385e80c01f519927fe284c9e6617fd5c5d
	.git/objects/9e/44768d8e0e9b968a88646e63a08a93a828b8fc
	.git/objects/9e/8b728cabf4722b274123ff8e9f4ff671c57b17
	.git/objects/a1/1e48cac5fb105cda78814d11fdbc291a8eb16c
	.git/objects/a3/cfe1e9445f25043b90f90cd268bdea46ddebcf
	.git/objects/a5/40308f52460983c2a5577f8b2d0b155240277e
	.git/objects/a6/541bd67b3fb26910259db8f43b4afaf44c2e13
	.git/objects/a6/dd4d10ac0dd2f2331ff15f20cd226b4c0a4854
	.git/objects/a7/5b2438e182101b9a362fca42cfef0ed481aef0
	.git/objects/a7/7fb50d6ada9b5307e305b14960cbb991d053bc
	.git/objects/a8/025e6b492ff891abda5351a230a625be138a91
	.git/objects/a8/747b0cf91cd89d4b2785e86fcfb057e7260154
	.git/objects/aa/01f76d41ad9980d391b4db3fe85f64b155ecfb
	.git/objects/aa/d0c67b2979a7e36722a1c9e9b3a8890f6547b4
	.git/objects/ab/099de492a942a6d050037d78abb2e77d71c4b9
	.git/objects/ab/5125407a6a77767330e29a028b97c3ac64ce18
	.git/objects/ac/46b80cc927500469862db47c9056b0e2e18e52
	.git/objects/ac/6f71a56355f8d55298ba31ccca6409fd970d88
	.git/objects/ac/9033dadeb9b3f52a8df4031f3f3037cf58ebe0
	.git/objects/ac/c90b223fe020cebd7a4001c4f41a316bb82ead
	.git/objects/ad/5de88dc1b8b9c7bd1929311063ea9cadeffe3f
	.git/objects/ad/6f3d1599d502c9a889f07f030d0e13cae4b079
	.git/objects/ad/8f3ac4df9a44583c2788fbbc32e6d015069893
	.git/objects/ad/e86060831bbd2eb6d2dd5f321ea955a31276ba
	.git/objects/b0/7dc04448802015d1a32697d4c775c5476f9f54
	.git/objects/b1/6eedba68b7b8a4cd946f99b2616e9be2135785
	.git/objects/b1/91e2d2cb9bf788f62c07160e6fa08b518e11fa
	.git/objects/b4/3d85be251180df85e592e8cae948593df7296d
	.git/objects/b4/7124580acb70d0addd94596e9e5025b040fbd1
	.git/objects/b5/7324189151e07220bfc74934a07baa80a66c07
	.git/objects/b5/fdc4d4f63f8814b793bc08db85f9c0a2f3f10c
	.git/objects/b7/7053296bfcc78caee01fe241f375be30cb8731
	.git/objects/b7/ba491429ede7af61e0ef2e44a5c24fc2fffcc7
	.git/objects/b7/e1d5c43bdc2b9d69fda65097ecf6b5ca5ced76
	.git/objects/b8/005df6518ea18fd79c8c859e6fa7c64d2ea157
	.git/objects/b8/1d439d29650bef638c1faae910bce26056381c
	.git/objects/b8/58fc60c6d03be50477c33b685adbcf359eb64e
	.git/objects/b9/1cb5465392054ed3cbb6bf8b7d77afa64142ca
	.git/objects/b9/1e481b7f6890492b0a544bf0a5923ff40f8be1
	.git/objects/ba/b259b21156d30ffd1c723229569b54a88933d0
	.git/objects/bb/b547f63856ad81d447d337db9c7c42276316f4
	.git/objects/bd/c025727a8ea6c23eebfd496fcf4c564417942f
	.git/objects/be/7b46e019cc762459da5857dc4fbfbd55617705
	.git/objects/be/81dbaef46cecf9c17a0a3349e84d2be74944d1
	.git/objects/bf/66eeee3796ab493763aa1519bb93b8240997a6
	.git/objects/c1/abdef641e4c8fafc2ce57f2281c7492a95bedb
	.git/objects/c1/c3fa9742b1c936d7dd238434bb86d55891229f
	.git/objects/c2/87f70656f0d0e5a479945af8a64a0334f6f676
	.git/objects/c3/557bb7f65f71314aa31e58c4cf4424017283f6
	.git/objects/c3/908613ea72bb9b1f6fb8b4cb42f6573f98e518
	.git/objects/c4/11f5c851b78ba18e1615b5eb3af88b946db639
	.git/objects/c5/77da329fb620db919f4178f59e0d62b69b1fbf
	.git/objects/c5/9e27c1fc813120590902324363894908356b84
	.git/objects/c6/023f137cbd026c8f017039f3eedffd821b5fe8
	.git/objects/c6/3f365fa6999725019abc35d439e2a9f310caf3
	.git/objects/c6/47ba8bde8af0d1fe4aba8a7bce5764c2c1b10e
	.git/objects/c8/5ccb1305ce46ee48fb1e4d59a4bc58e01fe422
	.git/objects/c8/5fc55255abc809788f3e2ef3a7046458360f4e
	.git/objects/c8/f617a4f9375d4017b5c3c293ec20c3c0274931
	.git/objects/ca/4a5cea55fbc9577463dbd3633f96293d3e338d
	.git/objects/ca/54e5e17a63dacc4565e1bc2f05e9cbbf4f108a
	.git/objects/cb/91c7749c2d9e868f8e81f77302f0892156b8a3
	.git/objects/cc/8619622d0f615ed2319839a22c6c113a2153ad
	.git/objects/cd/0d43d4e664eb4e929b69082b8ab0dd733cc31e
	.git/objects/cd/8a8da21a608817a6e97eed12e216607eabe044
	.git/objects/cf/ebd1e1c7c47198d192b5d8b9a9f98775b2e4ab
	.git/objects/d0/0a59237fb1b17dace938898c5e11b5eca73bf9
	.git/objects/d1/c7295164040aad12e2b1af2e3d992c77560d97
	.git/objects/d1/f856e442b272f1ab20165a44cf3880512924f5
	.git/objects/d2/0c6b1af68eb00c3280d4241816b92691bfa672
	.git/objects/d2/5a36eed345cb2314edcbf89ac6d18886705b01
	.git/objects/d2/f525e9228e979e73f7888f65e7e1a64682af35
	.git/objects/d5/d2344a33c5714b11a0d05c3c8fd5086ca6ca0c
	.git/objects/d6/6dd4fe6189f0d0eb64b720f22b32a0283ecd7a
	.git/objects/d6/e911180fc1288c4263336bb71e9dbfa042affe
	.git/objects/d7/73177c2c0a255de3413f91d9be8752288ea443
	.git/objects/d8/2f299af21a225f1fa2c164b3cbdf29c05ba9b5
	.git/objects/d8/3877290f3ab61c66473f0c78868fbe04ba4299
	.git/objects/d8/639e4bb9264e4dc429c36bc858999d009e86c5
	.git/objects/d9/6daa1c74f6b85de1ab4c825c425dd70be6aa3c
	.git/objects/da/bbf100e3c8adfeec060f9c20a8dff4eb8c8ad7
	.git/objects/db/cb56de9ac84a8170e8c6bc19ec0c43946a1896
	.git/objects/dd/b585ebdf9264b5a0519f76bfe3bd946b1bf6bf
	.git/objects/dd/ed38455d724b24e67fb09b9cce87daefb8badd
	.git/objects/dd/f211dcf442636346e0b9e43d20f07da181c550
	.git/objects/de/15ca115287fc40f6871bac5501e96bd9ea8a6c
	.git/objects/de/485839b8c9b4412d742a149de8cf38561cb7c0
	.git/objects/de/53451ba4dcb7161e6a20bdd83c5af195df85e6
	.git/objects/de/6b3eefc79d255600f241a6f927864e319489bd
	.git/objects/df/1a712d2b2ad65b96c6352a429043c1d4378264
	.git/objects/df/6384c358750c7c2996a8b95ba48e6a4e7d3596
	.git/objects/e0/3fd808f67a4a98b35cc9178f507e1c18742b14
	.git/objects/e0/fb303b8d8148b70727f75efb835b6147ebd4f5
	.git/objects/e1/57dfe4a370e0548962732f8b6eafd59debf0af
	.git/objects/e2/fd1c88dc4408a0dbab128afcb1b4d9b0806a28
	.git/objects/e3/1da7b955dd67bbb766a5a7fcf34d38fc6b7e84
	.git/objects/e3/448db91b958ced2304f8ecaa95b9a97d76ce13
	.git/objects/e5/3a8262c093218973b45dce0b98dc2d657d718c
	.git/objects/e5/8470c72446f1b99cc831e033010f0fa047f23e
	.git/objects/e5/c75d7756cd62bc9eccc1420de83730d61c893e
	.git/objects/e5/e7de7e9a0a297f5032bb22bfecd6ef75b68d1f
	.git/objects/e7/3e42b2fc5bcd530655b9a50ad602bd2e0af450
	.git/objects/e7/569fd30d90ae85d40c5d58ab12823074c035b9
	.git/objects/e7/5febf6a2b35da9a0dccb9b7cf6201e07a6b592
	.git/objects/e7/823b8bbb43dccdac0c6be6bbba0dc3cddffed4
	.git/objects/e7/da164cf612524e64dbc2ee8dfe81da12c5d9a9
	.git/objects/e8/3d9fd30e1eafeb4e83c186cd5b843c51a83915
	.git/objects/e8/e4bfb6cd0bed021984892fceae66cbdb3a86d4
	.git/objects/e8/fa64d3777f612f5068b9fb1e1fb2cf090065a9
	.git/objects/ea/ee6c30659d8ff3aead6b242c5baaf695f08a88
	.git/objects/ec/0d2ca5f457635d11a256f8493486e0fd9d33e6
	.git/objects/ed/448643cffbb838cbb1d388fe622b125e1d36c2
	.git/objects/ee/1bc49acae11cc79eceec51f7be785590e99fd8
	.git/objects/ee/ee0ce8a964158190c6dfe08b3b2de43939652f
	.git/objects/f1/11d9974e72a36c2b1ec223acd7eb968b585bd1
	.git/objects/f1/426fb02642c9ede38312c1708fef517b775ac5
	.git/objects/f1/9946dc48f94090223b1f70a2fd4b78d8d50248
	.git/objects/f2/c00215cbfa3db089fba52da9f0ea37bd859760
	.git/objects/f3/0c91645409053956e1dda1465642f56b36a4fd
	.git/objects/f4/3b4888afd02489c001b9aecb2e175693724c17
	.git/objects/f5/5e812b3f33b08493ba20d4be0dcc0776e2f15b
	.git/objects/f6/0cce15071838cedd467db3c1896a92bf0bc790
	.git/objects/f6/8ccd2ef641f23ad4930ca51c7eb8a17225dd51
	.git/objects/f6/92462136d35d2c3f169d4450685e9020e5c51a
	.git/objects/f7/1146c7f50c2bca34ac0eb2dba2b2bd184a352e
	.git/objects/f8/1f12ca90182b7a7663b1bf580f182a82e71766
	.git/objects/f9/19918067ef2551dfd7a772173d0991acf0aec6
	.git/objects/f9/1d531c48da0175c32c4118495082d71ef401fb
	.git/objects/fb/5f4695dddf0e4887c2b55f90a43bb7800d077e
	.git/objects/fb/de32eae46c8d8a2e59312bc17224214e3394cb
	.git/objects/fb/f1ced00450efe87f027b4e681b434720dc67b8
	.git/objects/fd/527ed32e23f32d516928c938388cee26478d52
	.git/objects/ff/bccd3dc0920dddf0cf49c291c4b937dfd2b183
	.git/objects/pack/pack-0ad7c4be40a75cd6ba4058963269076a07f4fccf.idx
	.git/objects/pack/pack-0ad7c4be40a75cd6ba4058963269076a07f4fccf.pack
	.git/ORIG_HEAD
	.git/packed-refs
	.git/refs/heads/fonts
	.git/refs/heads/master
	.git/refs/heads/styling
	.git/refs/heads/uiFixes
	.git/refs/remotes/origin/bugFixes
	.git/refs/remotes/origin/dataFixes
	.git/refs/remotes/origin/emailFix
	.git/refs/remotes/origin/fonts
	.git/refs/remotes/origin/HEAD
	.git/refs/remotes/origin/master
	.git/refs/remotes/origin/moreFixes
	.git/refs/remotes/origin/uiFixes
	.git/refs/stash
	build/asset-manifest.json
	build/favicon.ico
	build/index.html
	build/manifest.json
	build/robots.txt
	build/static/css/main.b8b94d02.chunk.css
	build/static/js/2.ae13d08c.chunk.js
	build/static/js/2.ae13d08c.chunk.js.LICENSE.txt
	build/static/js/3.38b69257.chunk.js
	build/static/js/main.7c06eceb.chunk.js
	build/static/js/runtime-main.5a20ed6a.js
	build/static/media/icn-close-green.8e53d78f.svg
	build/static/media/icn-close-red.5b792ae2.svg
	config-overrides.js
	Documents - Shortcut.lnk
	package-lock.json
	package.json
	public/favicon.ico
	public/index.html
	public/manifest.json
	public/robots.txt
	README.md

2021-06-19 15:09:22 -- Response status: HTTP/1.1 200 OK

2021-06-19 15:09:22 -- Content-Type: application/json; charset=UTF-8

2021-06-19 15:09:22 -- Effective character set of body: UTF-8

2021-06-19 15:09:22 -- Body content: 

{

   "results" : {

      "status" : "success",
      "importedFiles" : {

         "file" : [
            {

               "filename" : "HTML\/index.html"
            }
            ,
            {

               "filename" : "JavaScript\/static\/js\/2.ae13d08c.chunk.js"
            }
            ,
            {

               "filename" : "JavaScript\/static\/js\/3.38b69257.chunk.js"
            }
            ,
            {

               "filename" : "JavaScript\/static\/js\/main.7c06eceb.chunk.js"
            }
            ,
            {

               "filename" : "JavaScript\/static\/js\/runtime-main.5a20ed6a.js"
            }
            ,
            {

               "filename" : "CSS\/static\/css\/main.b8b94d02.chunk.css"
            }
            ,
            {

               "filename" : "Other\/asset-manifest.json"
            }
            ,
            {

               "filename" : "Other\/manifest.json"
            }

         ]
      }
      ,
      "skippedFiles" : "",
      "message" : "The file that you selected was imported successfully.",
      "contentId" : "1a2af1b4-8eca-43e6-b8fd-ba0d81d6e3d1"
   }
}


2021-06-19 15:09:22 -- Target authentication state: SUCCESS

2021-06-19 15:09:22 -- Target authentication scheme: BASIC

2021-06-19 15:09:22 -- Target authentication credentials: [principal: 39761230]

2021-06-19 15:09:22 -- Content push was successful.

2021-06-19 15:09:22 -- End content push to Portal.

